{
  "0 debug pnpm:scope": {
    "selected": 1,
    "workspacePrefix": null
  },
  "1 error pnpm": {
    "message": {
      "errno": 1,
      "code": "ELIFECYCLE",
      "pkgid": "fuse-box@4.0.0-alpha.68",
      "stage": "test:ts",
      "script": "tsc --noEmit --skipLibCheck --project src/tsconfig.json",
      "pkgname": "fuse-box"
    },
    "err": {
      "name": "Error",
      "message": "fuse-box@4.0.0-alpha.68 test:ts: `tsc --noEmit --skipLibCheck --project src/tsconfig.json`\nExit status 1",
      "code": "ELIFECYCLE",
      "stack": "Error: fuse-box@4.0.0-alpha.68 test:ts: `tsc --noEmit --skipLibCheck --project src/tsconfig.json`\nExit status 1\n    at EventEmitter.proc.on (/usr/local/pnpm-global/2/node_modules/.registry.npmjs.org/pnpm/3.6.5/node_modules/pnpm/lib/node_modules/@zkochan/npm-lifecycle/index.js:302:16)\n    at EventEmitter.emit (events.js:182:13)\n    at ChildProcess.<anonymous> (/usr/local/pnpm-global/2/node_modules/.registry.npmjs.org/pnpm/3.6.5/node_modules/pnpm/lib/node_modules/@zkochan/npm-lifecycle/lib/spawn.js:55:14)\n    at ChildProcess.emit (events.js:182:13)\n    at maybeClose (internal/child_process.js:962:16)\n    at Process.ChildProcess._handle.onexit (internal/child_process.js:251:5)"
    }
  }
}